

*******************************************************************************
Wed Jun 29 08:46:26 2022


FIT:    data read from datafile
        format = z
        x range restricted to [14.0000 : 16.3000]
        #datapoints = 88
        residuals are weighted equally (unit weight)

function used for fitting: g(x)
	g(x) = I/(s*sqrt(2*pi))*exp(-0.5*(x-x0)**2/s**2) + bg
fitted parameters initialized with current variable values

iter      chisq       delta/lim  lambda   x0            I             s             bg           
   0 2.3476499302e+05   0.00e+00  3.43e+03    1.520000e+01   3.000000e+02   3.000000e-01   2.500000e+02
   5 7.0708166719e+04  -6.52e-01  3.43e-02    1.514234e+01   3.375058e+02   3.594486e-01   2.644610e+02

After 5 iterations the fit converged.
final sum of squares of residuals : 70708.2
rel. change during last iteration : -6.52237e-06

degrees of freedom    (FIT_NDF)                        : 84
rms of residuals      (FIT_STDFIT) = sqrt(WSSR/ndf)    : 29.0132
variance of residuals (reduced chisquare) = WSSR/ndf   : 841.764

Final set of parameters            Asymptotic Standard Error
=======================            ==========================
x0              = 15.1423          +/- 0.007998     (0.05282%)
I               = 337.506          +/- 14.91        (4.418%)
s               = 0.359449         +/- 0.01232      (3.427%)
bg              = 264.461          +/- 7.091        (2.681%)

correlation matrix of the fit parameters:
                x0     I      s      bg     
x0              1.000 
I               0.000  1.000 
s              -0.013  0.848  1.000 
bg             -0.000 -0.900 -0.760  1.000 


*******************************************************************************
Wed Jun 29 08:46:45 2022


FIT:    data read from datafile
        format = z
        x range restricted to [14.0000 : 16.3000]
        #datapoints = 88
        residuals are weighted equally (unit weight)

function used for fitting: g(x)
	g(x) = I/(s*sqrt(2*pi))*exp(-0.5*(x-x0)**2/s**2) + bg
fitted parameters initialized with current variable values

iter      chisq       delta/lim  lambda   x0            I             s             bg           
   0 2.3476499302e+05   0.00e+00  3.43e+03    1.520000e+01   3.000000e+02   3.000000e-01   2.500000e+02
   5 7.0708166719e+04  -6.52e-01  3.43e-02    1.514234e+01   3.375058e+02   3.594486e-01   2.644610e+02

After 5 iterations the fit converged.
final sum of squares of residuals : 70708.2
rel. change during last iteration : -6.52237e-06

degrees of freedom    (FIT_NDF)                        : 84
rms of residuals      (FIT_STDFIT) = sqrt(WSSR/ndf)    : 29.0132
variance of residuals (reduced chisquare) = WSSR/ndf   : 841.764

Final set of parameters            Asymptotic Standard Error
=======================            ==========================
x0              = 15.1423          +/- 0.007998     (0.05282%)
I               = 337.506          +/- 14.91        (4.418%)
s               = 0.359449         +/- 0.01232      (3.427%)
bg              = 264.461          +/- 7.091        (2.681%)

correlation matrix of the fit parameters:
                x0     I      s      bg     
x0              1.000 
I               0.000  1.000 
s              -0.013  0.848  1.000 
bg             -0.000 -0.900 -0.760  1.000 


*******************************************************************************
Wed Jun 29 08:52:01 2022


FIT:    data read from datafile
        format = z
        x range restricted to [14.0000 : 16.3000]
        #datapoints = 88
        residuals are weighted equally (unit weight)

function used for fitting: g(x)
	g(x) = I/(s*sqrt(2*pi))*exp(-0.5*(x-x0)**2/s**2) + bg
fitted parameters initialized with current variable values

iter      chisq       delta/lim  lambda   x0            I             s             bg           
   0 3.3148578068e+06   0.00e+00  3.43e+03    1.520000e+01   3.000000e+02   3.000000e-01   2.500000e+02
   7 1.7233319026e+05  -3.26e-02  3.43e-04    1.531825e+01   6.250052e+02   3.789225e-01   2.598308e+02

After 7 iterations the fit converged.
final sum of squares of residuals : 172333
rel. change during last iteration : -3.26488e-07

degrees of freedom    (FIT_NDF)                        : 84
rms of residuals      (FIT_STDFIT) = sqrt(WSSR/ndf)    : 45.2944
variance of residuals (reduced chisquare) = WSSR/ndf   : 2051.59

Final set of parameters            Asymptotic Standard Error
=======================            ==========================
x0              = 15.3182          +/- 0.007306     (0.0477%)
I               = 625.005          +/- 24.95        (3.991%)
s               = 0.378923         +/- 0.01144      (3.018%)
bg              = 259.831          +/- 11.53        (4.439%)

correlation matrix of the fit parameters:
                x0     I      s      bg     
x0              1.000 
I              -0.023  1.000 
s              -0.030  0.852  1.000 
bg              0.027 -0.908 -0.766  1.000 


*******************************************************************************
Wed Jun 29 08:52:16 2022


FIT:    data read from datafile
        format = z
        x range restricted to [14.0000 : 16.3000]
        #datapoints = 88
        residuals are weighted equally (unit weight)

function used for fitting: g(x)
	g(x) = I/(s*sqrt(2*pi))*exp(-0.5*(x-x0)**2/s**2) + bg
fitted parameters initialized with current variable values

iter      chisq       delta/lim  lambda   x0            I             s             bg           
   0 2.3200141062e+06   0.00e+00  3.43e+03    1.520000e+01   3.000000e+02   3.000000e-01   2.500000e+02
   8 9.9322743935e+04  -7.60e-01  3.43e-05    1.557594e+01   3.222172e+02   3.116697e-01   2.793799e+02

After 8 iterations the fit converged.
final sum of squares of residuals : 99322.7
rel. change during last iteration : -7.60265e-06

degrees of freedom    (FIT_NDF)                        : 84
rms of residuals      (FIT_STDFIT) = sqrt(WSSR/ndf)    : 34.3862
variance of residuals (reduced chisquare) = WSSR/ndf   : 1182.41

Final set of parameters            Asymptotic Standard Error
=======================            ==========================
x0              = 15.5759          +/- 0.008048     (0.05167%)
I               = 322.217          +/- 12.35        (3.832%)
s               = 0.31167          +/- 0.01017      (3.263%)
bg              = 279.38           +/- 6.265        (2.243%)

correlation matrix of the fit parameters:
                x0     I      s      bg     
x0              1.000 
I              -0.019  1.000 
s              -0.026  0.759  1.000 
bg              0.031 -0.810 -0.596  1.000 


*******************************************************************************
Wed Jun 29 08:52:29 2022


FIT:    data read from datafile
        format = z
        x range restricted to [14.0000 : 16.3000]
        #datapoints = 88
        residuals are weighted equally (unit weight)

function used for fitting: g(x)
	g(x) = I/(s*sqrt(2*pi))*exp(-0.5*(x-x0)**2/s**2) + bg
fitted parameters initialized with current variable values

iter      chisq       delta/lim  lambda   x0            I             s             bg           
   0 9.1340082825e+05   0.00e+00  3.43e+03    1.520000e+01   3.000000e+02   3.000000e-01   2.500000e+02
   7 7.3394093438e+04  -2.31e-01  3.43e-04    1.543717e+01   2.833780e+02   3.293993e-01   2.793300e+02

After 7 iterations the fit converged.
final sum of squares of residuals : 73394.1
rel. change during last iteration : -2.31057e-06

degrees of freedom    (FIT_NDF)                        : 84
rms of residuals      (FIT_STDFIT) = sqrt(WSSR/ndf)    : 29.5591
variance of residuals (reduced chisquare) = WSSR/ndf   : 873.739

Final set of parameters            Asymptotic Standard Error
=======================            ==========================
x0              = 15.4372          +/- 0.008522     (0.05521%)
I               = 283.378          +/- 12.06        (4.254%)
s               = 0.329399         +/- 0.01148      (3.487%)
bg              = 279.33           +/- 5.979        (2.14%)

correlation matrix of the fit parameters:
                x0     I      s      bg     
x0              1.000 
I              -0.016  1.000 
s              -0.028  0.794  1.000 
bg              0.020 -0.850 -0.666  1.000 


*******************************************************************************
Wed Jun 29 08:52:42 2022


FIT:    data read from datafile
        format = z
        x range restricted to [14.0000 : 16.3000]
        #datapoints = 88
        residuals are weighted equally (unit weight)

function used for fitting: g(x)
	g(x) = I/(s*sqrt(2*pi))*exp(-0.5*(x-x0)**2/s**2) + bg
fitted parameters initialized with current variable values

iter      chisq       delta/lim  lambda   x0            I             s             bg           
   0 1.1565740087e+06   0.00e+00  3.43e+03    1.520000e+01   3.000000e+02   3.000000e-01   2.500000e+02
   7 8.6275252544e+04  -1.40e-02  3.43e+01    1.545138e+01   3.520949e+02   3.678153e-01   2.695741e+02

After 7 iterations the fit converged.
final sum of squares of residuals : 86275.3
rel. change during last iteration : -1.40481e-07

degrees of freedom    (FIT_NDF)                        : 84
rms of residuals      (FIT_STDFIT) = sqrt(WSSR/ndf)    : 32.0482
variance of residuals (reduced chisquare) = WSSR/ndf   : 1027.09

Final set of parameters            Asymptotic Standard Error
=======================            ==========================
x0              = 15.4514          +/- 0.008804     (0.05698%)
I               = 352.095          +/- 15.37        (4.365%)
s               = 0.367815         +/- 0.01256      (3.413%)
bg              = 269.574          +/- 7.179        (2.663%)

correlation matrix of the fit parameters:
                x0     I      s      bg     
x0              1.000 
I              -0.032  1.000 
s              -0.033  0.817  1.000 
bg              0.043 -0.879 -0.702  1.000 


*******************************************************************************
Wed Jun 29 08:52:51 2022


FIT:    data read from datafile
        format = z
        x range restricted to [14.0000 : 16.3000]
        #datapoints = 88
        residuals are weighted equally (unit weight)

function used for fitting: g(x)
	g(x) = I/(s*sqrt(2*pi))*exp(-0.5*(x-x0)**2/s**2) + bg
fitted parameters initialized with current variable values

iter      chisq       delta/lim  lambda   x0            I             s             bg           
   0 2.5715206110e+06   0.00e+00  3.43e+03    1.520000e+01   3.000000e+02   3.000000e-01   2.500000e+02
   7 1.1650046815e+05  -1.45e-02  3.43e-04    1.551822e+01   4.357216e+02   3.616447e-01   2.772955e+02

After 7 iterations the fit converged.
final sum of squares of residuals : 116500
rel. change during last iteration : -1.44638e-07

degrees of freedom    (FIT_NDF)                        : 84
rms of residuals      (FIT_STDFIT) = sqrt(WSSR/ndf)    : 37.2412
variance of residuals (reduced chisquare) = WSSR/ndf   : 1386.91

Final set of parameters            Asymptotic Standard Error
=======================            ==========================
x0              = 15.5182          +/- 0.008088     (0.05212%)
I               = 435.722          +/- 16.68        (3.829%)
s               = 0.361645         +/- 0.01107      (3.062%)
bg              = 277.295          +/- 7.822        (2.821%)

correlation matrix of the fit parameters:
                x0     I      s      bg     
x0              1.000 
I              -0.033  1.000 
s              -0.028  0.797  1.000 
bg              0.050 -0.861 -0.664  1.000 


*******************************************************************************
Wed Jun 29 08:55:00 2022


FIT:    data read from datafile
        format = z
        x range restricted to [14.0000 : 16.5000]
        #datapoints = 96
        residuals are weighted equally (unit weight)

function used for fitting: g(x)
	g(x) = I/(s*sqrt(2*pi))*exp(-0.5*(x-x0)**2/s**2) + bg
fitted parameters initialized with current variable values

iter      chisq       delta/lim  lambda   x0            I             s             bg           
   0 2.3761028098e+05   0.00e+00  3.29e+03    1.520000e+01   3.000000e+02   3.000000e-01   2.500000e+02
   5 7.1586707230e+04  -2.86e-01  3.29e-02    1.514235e+01   3.371927e+02   3.592325e-01   2.646270e+02

After 5 iterations the fit converged.
final sum of squares of residuals : 71586.7
rel. change during last iteration : -2.85614e-06

degrees of freedom    (FIT_NDF)                        : 92
rms of residuals      (FIT_STDFIT) = sqrt(WSSR/ndf)    : 27.8947
variance of residuals (reduced chisquare) = WSSR/ndf   : 778.116

Final set of parameters            Asymptotic Standard Error
=======================            ==========================
x0              = 15.1423          +/- 0.007689     (0.05078%)
I               = 337.193          +/- 12.46        (3.697%)
s               = 0.359233         +/- 0.01081      (3.008%)
bg              = 264.627          +/- 5.678        (2.146%)

correlation matrix of the fit parameters:
                x0     I      s      bg     
x0              1.000 
I               0.003  1.000 
s              -0.012  0.814  1.000 
bg             -0.004 -0.865 -0.702  1.000 


*******************************************************************************
Wed Jun 29 08:57:13 2022


FIT:    data read from datafile
        format = z
        x range restricted to [14.0000 : 16.5000]
        #datapoints = 96
        residuals are weighted equally (unit weight)

function used for fitting: g(x)
	g(x) = I/(s*sqrt(2*pi))*exp(-0.5*(x-x0)**2/s**2) + bg
fitted parameters initialized with current variable values

iter      chisq       delta/lim  lambda   x0            I             s             bg           
   0 2.3761028098e+05   0.00e+00  3.29e+03    1.520000e+01   3.000000e+02   3.000000e-01   2.500000e+02
   5 7.1586707230e+04  -2.86e-01  3.29e-02    1.514235e+01   3.371927e+02   3.592325e-01   2.646270e+02

After 5 iterations the fit converged.
final sum of squares of residuals : 71586.7
rel. change during last iteration : -2.85614e-06

degrees of freedom    (FIT_NDF)                        : 92
rms of residuals      (FIT_STDFIT) = sqrt(WSSR/ndf)    : 27.8947
variance of residuals (reduced chisquare) = WSSR/ndf   : 778.116

Final set of parameters            Asymptotic Standard Error
=======================            ==========================
x0              = 15.1423          +/- 0.007689     (0.05078%)
I               = 337.193          +/- 12.46        (3.697%)
s               = 0.359233         +/- 0.01081      (3.008%)
bg              = 264.627          +/- 5.678        (2.146%)

correlation matrix of the fit parameters:
                x0     I      s      bg     
x0              1.000 
I               0.003  1.000 
s              -0.012  0.814  1.000 
bg             -0.004 -0.865 -0.702  1.000 


*******************************************************************************
Wed Jun 29 08:57:42 2022


FIT:    data read from datafile
        format = z
        x range restricted to [14.0000 : 16.5000]
        #datapoints = 96
        residuals are weighted equally (unit weight)

function used for fitting: g(x)
	g(x) = I/(s*sqrt(2*pi))*exp(-0.5*(x-x0)**2/s**2) + bg
fitted parameters initialized with current variable values

iter      chisq       delta/lim  lambda   x0            I             s             bg           
   0 2.3761028098e+05   0.00e+00  3.29e+03    1.520000e+01   3.000000e+02   3.000000e-01   2.500000e+02
   5 7.1586707230e+04  -2.86e-01  3.29e-02    1.514235e+01   3.371927e+02   3.592325e-01   2.646270e+02

After 5 iterations the fit converged.
final sum of squares of residuals : 71586.7
rel. change during last iteration : -2.85614e-06

degrees of freedom    (FIT_NDF)                        : 92
rms of residuals      (FIT_STDFIT) = sqrt(WSSR/ndf)    : 27.8947
variance of residuals (reduced chisquare) = WSSR/ndf   : 778.116

Final set of parameters            Asymptotic Standard Error
=======================            ==========================
x0              = 15.1423          +/- 0.007689     (0.05078%)
I               = 337.193          +/- 12.46        (3.697%)
s               = 0.359233         +/- 0.01081      (3.008%)
bg              = 264.627          +/- 5.678        (2.146%)

correlation matrix of the fit parameters:
                x0     I      s      bg     
x0              1.000 
I               0.003  1.000 
s              -0.012  0.814  1.000 
bg             -0.004 -0.865 -0.702  1.000 


*******************************************************************************
Wed Jun 29 08:58:06 2022


FIT:    data read from datafile
        format = z
        x range restricted to [14.0000 : 16.5000]
        #datapoints = 96
        residuals are weighted equally (unit weight)

function used for fitting: g(x)
	g(x) = I/(s*sqrt(2*pi))*exp(-0.5*(x-x0)**2/s**2) + bg
fitted parameters initialized with current variable values

iter      chisq       delta/lim  lambda   x0            I             s             bg           
   0 2.3761028098e+05   0.00e+00  3.29e+03    1.520000e+01   3.000000e+02   3.000000e-01   2.500000e+02
   5 7.1586707230e+04  -2.86e-01  3.29e-02    1.514235e+01   3.371927e+02   3.592325e-01   2.646270e+02

After 5 iterations the fit converged.
final sum of squares of residuals : 71586.7
rel. change during last iteration : -2.85614e-06

degrees of freedom    (FIT_NDF)                        : 92
rms of residuals      (FIT_STDFIT) = sqrt(WSSR/ndf)    : 27.8947
variance of residuals (reduced chisquare) = WSSR/ndf   : 778.116

Final set of parameters            Asymptotic Standard Error
=======================            ==========================
x0              = 15.1423          +/- 0.007689     (0.05078%)
I               = 337.193          +/- 12.46        (3.697%)
s               = 0.359233         +/- 0.01081      (3.008%)
bg              = 264.627          +/- 5.678        (2.146%)

correlation matrix of the fit parameters:
                x0     I      s      bg     
x0              1.000 
I               0.003  1.000 
s              -0.012  0.814  1.000 
bg             -0.004 -0.865 -0.702  1.000 


*******************************************************************************
Wed Jun 29 09:21:58 2022


FIT:    data read from datafile
        format = z
        x range restricted to [14.0000 : 16.5000]
        #datapoints = 96
        residuals are weighted equally (unit weight)

function used for fitting: g(x)
	g(x) = I/(s*sqrt(2*pi))*exp(-0.5*(x-x0)**2/s**2) + bg
fitted parameters initialized with current variable values

iter      chisq       delta/lim  lambda   x0            I             s             bg           
   0 3.3274894092e+06   0.00e+00  3.29e+03    1.520000e+01   3.000000e+02   3.000000e-01   2.500000e+02
   7 1.7647675734e+05  -4.93e-02  3.29e-04    1.531862e+01   6.191024e+02   3.770745e-01   2.631567e+02

After 7 iterations the fit converged.
final sum of squares of residuals : 176477
rel. change during last iteration : -4.93024e-07

degrees of freedom    (FIT_NDF)                        : 92
rms of residuals      (FIT_STDFIT) = sqrt(WSSR/ndf)    : 43.7976
variance of residuals (reduced chisquare) = WSSR/ndf   : 1918.23

Final set of parameters            Asymptotic Standard Error
=======================            ==========================
x0              = 15.3186          +/- 0.007071     (0.04616%)
I               = 619.102          +/- 21.56        (3.482%)
s               = 0.377075         +/- 0.01042      (2.762%)
bg              = 263.157          +/- 9.585        (3.642%)

correlation matrix of the fit parameters:
                x0     I      s      bg     
x0              1.000 
I              -0.003  1.000 
s              -0.016  0.832  1.000 
bg              0.004 -0.885 -0.734  1.000 


*******************************************************************************
Wed Jun 29 09:22:51 2022


FIT:    data read from datafile
        format = z
        x range restricted to [14.0000 : 16.5000]
        #datapoints = 96
        residuals are weighted equally (unit weight)

function used for fitting: g(x)
	g(x) = I/(s*sqrt(2*pi))*exp(-0.5*(x-x0)**2/s**2) + bg
fitted parameters initialized with current variable values

iter      chisq       delta/lim  lambda   x0            I             s             bg           
   0 2.3245119637e+06   0.00e+00  3.29e+03    1.520000e+01   3.000000e+02   3.000000e-01   2.500000e+02
   9 1.0526739201e+05  -1.31e-04  3.29e-06    1.557454e+01   3.270830e+02   3.129162e-01   2.753527e+02

After 9 iterations the fit converged.
final sum of squares of residuals : 105267
rel. change during last iteration : -1.31068e-09

degrees of freedom    (FIT_NDF)                        : 92
rms of residuals      (FIT_STDFIT) = sqrt(WSSR/ndf)    : 33.8262
variance of residuals (reduced chisquare) = WSSR/ndf   : 1144.21

Final set of parameters            Asymptotic Standard Error
=======================            ==========================
x0              = 15.5745          +/- 0.007817     (0.05019%)
I               = 327.083          +/- 11.91        (3.642%)
s               = 0.312916         +/- 0.009875     (3.156%)
bg              = 275.353          +/- 5.813        (2.111%)

correlation matrix of the fit parameters:
                x0     I      s      bg     
x0              1.000 
I              -0.005  1.000 
s              -0.023  0.762  1.000 
bg              0.007 -0.805 -0.609  1.000 


*******************************************************************************
Wed Jun 29 09:23:42 2022


FIT:    data read from datafile
        format = z
        x range restricted to [14.0000 : 16.5000]
        #datapoints = 96
        residuals are weighted equally (unit weight)

function used for fitting: g(x)
	g(x) = I/(s*sqrt(2*pi))*exp(-0.5*(x-x0)**2/s**2) + bg
fitted parameters initialized with current variable values

iter      chisq       delta/lim  lambda   x0            I             s             bg           
   0 3.7703867781e+05   0.00e+00  3.29e+03    1.520000e+01   3.000000e+02   3.000000e-01   2.500000e+02
   7 8.6006865117e+04  -3.93e-01  3.29e-04    1.528310e+01   2.959090e+02   3.995189e-01   2.613594e+02

After 7 iterations the fit converged.
final sum of squares of residuals : 86006.9
rel. change during last iteration : -3.92606e-06

degrees of freedom    (FIT_NDF)                        : 92
rms of residuals      (FIT_STDFIT) = sqrt(WSSR/ndf)    : 30.5754
variance of residuals (reduced chisquare) = WSSR/ndf   : 934.857

Final set of parameters            Asymptotic Standard Error
=======================            ==========================
x0              = 15.2831          +/- 0.01126      (0.0737%)
I               = 295.909          +/- 17.09        (5.776%)
s               = 0.399519         +/- 0.0177       (4.431%)
bg              = 261.359          +/- 7.381        (2.824%)

correlation matrix of the fit parameters:
                x0     I      s      bg     
x0              1.000 
I              -0.003  1.000 
s              -0.014  0.854  1.000 
bg              0.003 -0.906 -0.771  1.000 


*******************************************************************************
Wed Jun 29 09:24:20 2022


FIT:    data read from datafile
        format = z
        x range restricted to [14.0000 : 16.5000]
        #datapoints = 96
        residuals are weighted equally (unit weight)

function used for fitting: g(x)
	g(x) = I/(s*sqrt(2*pi))*exp(-0.5*(x-x0)**2/s**2) + bg
fitted parameters initialized with current variable values

iter      chisq       delta/lim  lambda   x0            I             s             bg           
   0 9.1653618801e+05   0.00e+00  3.29e+03    1.520000e+01   3.000000e+02   3.000000e-01   2.500000e+02
   7 7.8725781462e+04  -2.08e-01  3.29e-04    1.543594e+01   2.906067e+02   3.334542e-01   2.745809e+02

After 7 iterations the fit converged.
final sum of squares of residuals : 78725.8
rel. change during last iteration : -2.07711e-06

degrees of freedom    (FIT_NDF)                        : 92
rms of residuals      (FIT_STDFIT) = sqrt(WSSR/ndf)    : 29.2526
variance of residuals (reduced chisquare) = WSSR/ndf   : 855.715

Final set of parameters            Asymptotic Standard Error
=======================            ==========================
x0              = 15.4359          +/- 0.008368     (0.05421%)
I               = 290.607          +/- 11.46        (3.942%)
s               = 0.333454         +/- 0.01108      (3.323%)
bg              = 274.581          +/- 5.417        (1.973%)

correlation matrix of the fit parameters:
                x0     I      s      bg     
x0              1.000 
I              -0.003  1.000 
s              -0.020  0.787  1.000 
bg              0.004 -0.834 -0.655  1.000 


*******************************************************************************
Wed Jun 29 09:24:55 2022


FIT:    data read from datafile
        format = z
        x range restricted to [14.0000 : 16.5000]
        #datapoints = 96
        residuals are weighted equally (unit weight)

function used for fitting: g(x)
	g(x) = I/(s*sqrt(2*pi))*exp(-0.5*(x-x0)**2/s**2) + bg
fitted parameters initialized with current variable values

iter      chisq       delta/lim  lambda   x0            I             s             bg           
   0 1.1586289710e+06   0.00e+00  3.29e+03    1.520000e+01   3.000000e+02   3.000000e-01   2.500000e+02
   7 9.0814965859e+04  -6.23e-02  3.29e-04    1.544967e+01   3.584750e+02   3.699298e-01   2.652486e+02

After 7 iterations the fit converged.
final sum of squares of residuals : 90815
rel. change during last iteration : -6.2311e-07

degrees of freedom    (FIT_NDF)                        : 92
rms of residuals      (FIT_STDFIT) = sqrt(WSSR/ndf)    : 31.4185
variance of residuals (reduced chisquare) = WSSR/ndf   : 987.119

Final set of parameters            Asymptotic Standard Error
=======================            ==========================
x0              = 15.4497          +/- 0.008515     (0.05512%)
I               = 358.475          +/- 14.55        (4.06%)
s               = 0.36993          +/- 0.01207      (3.262%)
bg              = 265.249          +/- 6.53         (2.462%)

correlation matrix of the fit parameters:
                x0     I      s      bg     
x0              1.000 
I              -0.010  1.000 
s              -0.022  0.817  1.000 
bg              0.012 -0.871 -0.707  1.000 


*******************************************************************************
Wed Jun 29 09:25:27 2022


FIT:    data read from datafile
        format = z
        x range restricted to [14.0000 : 16.5000]
        #datapoints = 96
        residuals are weighted equally (unit weight)

function used for fitting: g(x)
	g(x) = I/(s*sqrt(2*pi))*exp(-0.5*(x-x0)**2/s**2) + bg
fitted parameters initialized with current variable values

iter      chisq       delta/lim  lambda   x0            I             s             bg           
   0 2.5860503941e+06   0.00e+00  3.29e+03    1.520000e+01   3.000000e+02   3.000000e-01   2.500000e+02
   7 1.2160138638e+05  -1.32e-01  3.29e-04    1.551709e+01   4.400736e+02   3.626096e-01   2.741607e+02

After 7 iterations the fit converged.
final sum of squares of residuals : 121601
rel. change during last iteration : -1.31812e-06

degrees of freedom    (FIT_NDF)                        : 92
rms of residuals      (FIT_STDFIT) = sqrt(WSSR/ndf)    : 36.3559
variance of residuals (reduced chisquare) = WSSR/ndf   : 1321.75

Final set of parameters            Asymptotic Standard Error
=======================            ==========================
x0              = 15.5171          +/- 0.007792     (0.05021%)
I               = 440.074          +/- 15.97        (3.63%)
s               = 0.36261          +/- 0.01071      (2.953%)
bg              = 274.161          +/- 7.235        (2.639%)

correlation matrix of the fit parameters:
                x0     I      s      bg     
x0              1.000 
I              -0.013  1.000 
s              -0.024  0.803  1.000 
bg              0.016 -0.858 -0.683  1.000 


*******************************************************************************
Wed Jun 29 09:30:50 2022


FIT:    data read from datafile
        format = z
        x range restricted to [14.0000 : 16.5000]
        #datapoints = 96
        residuals are weighted equally (unit weight)

function used for fitting: g(x)
	g(x) = I/(s*sqrt(2*pi))*exp(-0.5*(x-x0)**2/s**2) + bg
fitted parameters initialized with current variable values

iter      chisq       delta/lim  lambda   x0            I             s             bg           
   0 2.3761028098e+05   0.00e+00  3.29e+03    1.520000e+01   3.000000e+02   3.000000e-01   2.500000e+02
   5 7.1586707230e+04  -2.86e-01  3.29e-02    1.514235e+01   3.371927e+02   3.592325e-01   2.646270e+02

After 5 iterations the fit converged.
final sum of squares of residuals : 71586.7
rel. change during last iteration : -2.85614e-06

degrees of freedom    (FIT_NDF)                        : 92
rms of residuals      (FIT_STDFIT) = sqrt(WSSR/ndf)    : 27.8947
variance of residuals (reduced chisquare) = WSSR/ndf   : 778.116

Final set of parameters            Asymptotic Standard Error
=======================            ==========================
x0              = 15.1423          +/- 0.007689     (0.05078%)
I               = 337.193          +/- 12.46        (3.697%)
s               = 0.359233         +/- 0.01081      (3.008%)
bg              = 264.627          +/- 5.678        (2.146%)

correlation matrix of the fit parameters:
                x0     I      s      bg     
x0              1.000 
I               0.003  1.000 
s              -0.012  0.814  1.000 
bg             -0.004 -0.865 -0.702  1.000 


*******************************************************************************
Wed Jun 29 09:33:20 2022


FIT:    data read from datafile
        format = z
        x range restricted to [19.0000 : 25.0000]
        #datapoints = 228
        residuals are weighted equally (unit weight)

function used for fitting: g(x)
	g(x) = I/(s*sqrt(2*pi))*exp(-0.5*(x-x0)**2/s**2) + bg
fitted parameters initialized with current variable values

iter      chisq       delta/lim  lambda   x0            I             s             bg           
   0 3.8110453145e+06   0.00e+00  3.02e+03    2.150000e+01   3.000000e+02   3.000000e-01   2.500000e+02
   7 2.1709713560e+05  -1.66e-01  3.02e-04    2.155110e+01   6.650238e+02   4.957543e-01   2.804033e+02

After 7 iterations the fit converged.
final sum of squares of residuals : 217097
rel. change during last iteration : -1.65789e-06

degrees of freedom    (FIT_NDF)                        : 224
rms of residuals      (FIT_STDFIT) = sqrt(WSSR/ndf)    : 31.1317
variance of residuals (reduced chisquare) = WSSR/ndf   : 969.184

Final set of parameters            Asymptotic Standard Error
=======================            ==========================
x0              = 21.5511          +/- 0.007054     (0.03273%)
I               = 665.024          +/- 10.95        (1.647%)
s               = 0.495754         +/- 0.007932     (1.6%)
bg              = 280.403          +/- 2.756        (0.983%)

correlation matrix of the fit parameters:
                x0     I      s      bg     
x0              1.000 
I              -0.000  1.000 
s              -0.019  0.687  1.000 
bg              0.000 -0.664 -0.456  1.000 


*******************************************************************************
Wed Jun 29 09:37:15 2022


FIT:    data read from datafile
        format = z
        x range restricted to [19.0000 : 25.0000]
        #datapoints = 228
        residuals are weighted equally (unit weight)

function used for fitting: g(x)
	g(x) = I/(s*sqrt(2*pi))*exp(-0.5*(x-x0)**2/s**2) + bg
fitted parameters initialized with current variable values

iter      chisq       delta/lim  lambda   x0            I             s             bg           
   0 2.2284291304e+06   0.00e+00  3.02e+03    2.150000e+01   3.000000e+02   3.000000e-01   2.500000e+02
   7 1.7474823139e+05  -5.08e-01  3.02e-04    2.173002e+01   4.881913e+02   5.235614e-01   2.824154e+02

After 7 iterations the fit converged.
final sum of squares of residuals : 174748
rel. change during last iteration : -5.07781e-06

degrees of freedom    (FIT_NDF)                        : 224
rms of residuals      (FIT_STDFIT) = sqrt(WSSR/ndf)    : 27.9307
variance of residuals (reduced chisquare) = WSSR/ndf   : 780.126

Final set of parameters            Asymptotic Standard Error
=======================            ==========================
x0              = 21.73            +/- 0.009356     (0.04306%)
I               = 488.191          +/- 10.33        (2.116%)
s               = 0.523561         +/- 0.01064      (2.031%)
bg              = 282.415          +/- 2.529        (0.8956%)

correlation matrix of the fit parameters:
                x0     I      s      bg     
x0              1.000 
I              -0.000  1.000 
s              -0.018  0.695  1.000 
bg              0.000 -0.682 -0.474  1.000 


*******************************************************************************
Wed Jun 29 09:37:56 2022


FIT:    data read from datafile
        format = z
        x range restricted to [19.0000 : 25.0000]
        #datapoints = 228
        residuals are weighted equally (unit weight)

function used for fitting: g(x)
	g(x) = I/(s*sqrt(2*pi))*exp(-0.5*(x-x0)**2/s**2) + bg
fitted parameters initialized with current variable values

iter      chisq       delta/lim  lambda   x0            I             s             bg           
   0 2.2026705734e+07   0.00e+00  3.02e+03    2.150000e+01   3.000000e+02   3.000000e-01   2.500000e+02
   6 7.3675544618e+05  -3.39e-01  3.02e-03    2.204885e+01   1.113856e+03   4.714517e-01   2.682257e+02

After 6 iterations the fit converged.
final sum of squares of residuals : 736755
rel. change during last iteration : -3.39295e-06

degrees of freedom    (FIT_NDF)                        : 224
rms of residuals      (FIT_STDFIT) = sqrt(WSSR/ndf)    : 57.3506
variance of residuals (reduced chisquare) = WSSR/ndf   : 3289.09

Final set of parameters            Asymptotic Standard Error
=======================            ==========================
x0              = 22.0489          +/- 0.007196     (0.03264%)
I               = 1113.86          +/- 19.31        (1.733%)
s               = 0.471452         +/- 0.00802      (1.701%)
bg              = 268.226          +/- 4.982        (1.858%)

correlation matrix of the fit parameters:
                x0     I      s      bg     
x0              1.000 
I              -0.000  1.000 
s              -0.021  0.680  1.000 
bg              0.000 -0.647 -0.440  1.000 


*******************************************************************************
Wed Jun 29 09:39:33 2022


FIT:    data read from datafile
        format = z
        x range restricted to [19.0000 : 25.0000]
        #datapoints = 228
        residuals are weighted equally (unit weight)

function used for fitting: g(x)
	g(x) = I/(s*sqrt(2*pi))*exp(-0.5*(x-x0)**2/s**2) + bg
fitted parameters initialized with current variable values

iter      chisq       delta/lim  lambda   x0            I             s             bg           
   0 4.2547609926e+06   0.00e+00  3.02e+03    2.150000e+01   3.000000e+02   3.000000e-01   2.500000e+02
   7 2.3611841652e+05  -2.21e-03  3.02e-04    2.175143e+01   6.613749e+02   4.987248e-01   2.734250e+02

After 7 iterations the fit converged.
final sum of squares of residuals : 236118
rel. change during last iteration : -2.20745e-08

degrees of freedom    (FIT_NDF)                        : 224
rms of residuals      (FIT_STDFIT) = sqrt(WSSR/ndf)    : 32.4669
variance of residuals (reduced chisquare) = WSSR/ndf   : 1054.1

Final set of parameters            Asymptotic Standard Error
=======================            ==========================
x0              = 21.7514          +/- 0.007464     (0.03431%)
I               = 661.375          +/- 11.48        (1.736%)
s               = 0.498725         +/- 0.008402     (1.685%)
bg              = 273.425          +/- 2.881        (1.054%)

correlation matrix of the fit parameters:
                x0     I      s      bg     
x0              1.000 
I              -0.000  1.000 
s              -0.019  0.688  1.000 
bg              0.000 -0.666 -0.458  1.000 


*******************************************************************************
Wed Jun 29 09:40:23 2022


FIT:    data read from datafile
        format = z
        x range restricted to [19.0000 : 25.0000]
        #datapoints = 228
        residuals are weighted equally (unit weight)

function used for fitting: g(x)
	g(x) = I/(s*sqrt(2*pi))*exp(-0.5*(x-x0)**2/s**2) + bg
fitted parameters initialized with current variable values

iter      chisq       delta/lim  lambda   x0            I             s             bg           
   0 1.3148224701e+07   0.00e+00  3.02e+03    2.150000e+01   3.000000e+02   3.000000e-01   2.500000e+02
   7 3.9149517897e+05  -4.58e-01  3.02e-04    2.190937e+01   9.590356e+02   4.895690e-01   2.714737e+02

After 7 iterations the fit converged.
final sum of squares of residuals : 391495
rel. change during last iteration : -4.58327e-06

degrees of freedom    (FIT_NDF)                        : 224
rms of residuals      (FIT_STDFIT) = sqrt(WSSR/ndf)    : 41.8061
variance of residuals (reduced chisquare) = WSSR/ndf   : 1747.75

Final set of parameters            Asymptotic Standard Error
=======================            ==========================
x0              = 21.9094          +/- 0.006446     (0.02942%)
I               = 959.036          +/- 14.55        (1.517%)
s               = 0.489569         +/- 0.007232     (1.477%)
bg              = 271.474          +/- 3.683        (1.357%)

correlation matrix of the fit parameters:
                x0     I      s      bg     
x0              1.000 
I              -0.000  1.000 
s              -0.020  0.685  1.000 
bg              0.000 -0.660 -0.452  1.000 


*******************************************************************************
Wed Jun 29 09:40:55 2022


FIT:    data read from datafile
        format = z
        x range restricted to [19.0000 : 25.0000]
        #datapoints = 228
        residuals are weighted equally (unit weight)

function used for fitting: g(x)
	g(x) = I/(s*sqrt(2*pi))*exp(-0.5*(x-x0)**2/s**2) + bg
fitted parameters initialized with current variable values

iter      chisq       delta/lim  lambda   x0            I             s             bg           
   0 1.7586972285e+07   0.00e+00  3.02e+03    2.150000e+01   3.000000e+02   3.000000e-01   2.500000e+02
   7 7.0877634679e+05  -1.42e-02  3.02e-04    2.195299e+01   1.115901e+03   5.289077e-01   2.674587e+02

After 7 iterations the fit converged.
final sum of squares of residuals : 708776
rel. change during last iteration : -1.41793e-07

degrees of freedom    (FIT_NDF)                        : 224
rms of residuals      (FIT_STDFIT) = sqrt(WSSR/ndf)    : 56.251
variance of residuals (reduced chisquare) = WSSR/ndf   : 3164.18

Final set of parameters            Asymptotic Standard Error
=======================            ==========================
x0              = 21.953           +/- 0.00837      (0.03813%)
I               = 1115.9           +/- 21           (1.882%)
s               = 0.528908         +/- 0.009535     (1.803%)
bg              = 267.459          +/- 5.117        (1.913%)

correlation matrix of the fit parameters:
                x0     I      s      bg     
x0              1.000 
I              -0.000  1.000 
s              -0.018  0.697  1.000 
bg              0.000 -0.686 -0.478  1.000 


*******************************************************************************
Wed Jun 29 09:41:19 2022


FIT:    data read from datafile
        format = z
        x range restricted to [19.0000 : 25.0000]
        #datapoints = 228
        residuals are weighted equally (unit weight)

function used for fitting: g(x)
	g(x) = I/(s*sqrt(2*pi))*exp(-0.5*(x-x0)**2/s**2) + bg
fitted parameters initialized with current variable values

iter      chisq       delta/lim  lambda   x0            I             s             bg           
   0 3.9012848772e+06   0.00e+00  3.02e+03    2.150000e+01   3.000000e+02   3.000000e-01   2.500000e+02
   8 2.4741139231e+05  -6.41e-02  3.02e-05    2.201206e+01   4.945521e+02   5.051958e-01   2.740811e+02

After 8 iterations the fit converged.
final sum of squares of residuals : 247411
rel. change during last iteration : -6.41089e-07

degrees of freedom    (FIT_NDF)                        : 224
rms of residuals      (FIT_STDFIT) = sqrt(WSSR/ndf)    : 33.2342
variance of residuals (reduced chisquare) = WSSR/ndf   : 1104.52

Final set of parameters            Asymptotic Standard Error
=======================            ==========================
x0              = 22.0121          +/- 0.01042      (0.04732%)
I               = 494.552          +/- 11.89        (2.405%)
s               = 0.505196         +/- 0.01176      (2.327%)
bg              = 274.081          +/- 2.965        (1.082%)

correlation matrix of the fit parameters:
                x0     I      s      bg     
x0              1.000 
I              -0.000  1.000 
s              -0.019  0.690  1.000 
bg              0.000 -0.670 -0.462  1.000 


*******************************************************************************
Wed Jun 29 09:43:48 2022


FIT:    data read from datafile
        format = z
        x range restricted to [28.0000 : 34.0000]
        #datapoints = 229
        residuals are weighted equally (unit weight)

function used for fitting: g(x)
	g(x) = I/(s*sqrt(2*pi))*exp(-0.5*(x-x0)**2/s**2) + bg
fitted parameters initialized with current variable values

iter      chisq       delta/lim  lambda   x0            I             s             bg           
   0 2.7736460364e+06   0.00e+00  4.26e+03    3.050000e+01   3.000000e+02   3.000000e-01   2.500000e+02
  10 4.2587158875e+05  -4.65e-01  4.26e-07    3.064752e+01   7.644770e+02   6.557729e-01   1.771158e+02

After 10 iterations the fit converged.
final sum of squares of residuals : 425872
rel. change during last iteration : -4.65247e-06

degrees of freedom    (FIT_NDF)                        : 225
rms of residuals      (FIT_STDFIT) = sqrt(WSSR/ndf)    : 43.5059
variance of residuals (reduced chisquare) = WSSR/ndf   : 1892.76

Final set of parameters            Asymptotic Standard Error
=======================            ==========================
x0              = 30.6475          +/- 0.01305      (0.04257%)
I               = 764.477          +/- 20.31        (2.657%)
s               = 0.655773         +/- 0.01577      (2.405%)
bg              = 177.116          +/- 4.435        (2.504%)

correlation matrix of the fit parameters:
                x0     I      s      bg     
x0              1.000 
I               0.000  1.000 
s              -0.019  0.737  1.000 
bg             -0.000 -0.761 -0.561  1.000 


*******************************************************************************
Wed Jun 29 09:44:15 2022


FIT:    data read from datafile
        format = z
        x range restricted to [28.0000 : 34.0000]
        #datapoints = 229
        residuals are weighted equally (unit weight)

function used for fitting: g(x)
	g(x) = I/(s*sqrt(2*pi))*exp(-0.5*(x-x0)**2/s**2) + bg
fitted parameters initialized with current variable values

iter      chisq       delta/lim  lambda   x0            I             s             bg           
   0 2.7736460364e+06   0.00e+00  4.26e+03    3.050000e+01   3.000000e+02   3.000000e-01   2.500000e+02
  10 4.2587158875e+05  -4.65e-01  4.26e-07    3.064752e+01   7.644770e+02   6.557729e-01   1.771158e+02

After 10 iterations the fit converged.
final sum of squares of residuals : 425872
rel. change during last iteration : -4.65247e-06

degrees of freedom    (FIT_NDF)                        : 225
rms of residuals      (FIT_STDFIT) = sqrt(WSSR/ndf)    : 43.5059
variance of residuals (reduced chisquare) = WSSR/ndf   : 1892.76

Final set of parameters            Asymptotic Standard Error
=======================            ==========================
x0              = 30.6475          +/- 0.01305      (0.04257%)
I               = 764.477          +/- 20.31        (2.657%)
s               = 0.655773         +/- 0.01577      (2.405%)
bg              = 177.116          +/- 4.435        (2.504%)

correlation matrix of the fit parameters:
                x0     I      s      bg     
x0              1.000 
I               0.000  1.000 
s              -0.019  0.737  1.000 
bg             -0.000 -0.761 -0.561  1.000 


*******************************************************************************
Wed Jun 29 09:44:27 2022


FIT:    data read from datafile
        format = z
        x range restricted to [28.0000 : 33.0000]
        #datapoints = 191
        residuals are weighted equally (unit weight)

function used for fitting: g(x)
	g(x) = I/(s*sqrt(2*pi))*exp(-0.5*(x-x0)**2/s**2) + bg
fitted parameters initialized with current variable values

iter      chisq       delta/lim  lambda   x0            I             s             bg           
   0 2.6346800364e+06   0.00e+00  4.67e+03    3.050000e+01   3.000000e+02   3.000000e-01   2.500000e+02
  10 3.8300372760e+05  -8.96e-01  4.67e-07    3.064394e+01   8.003445e+02   6.740774e-01   1.664674e+02

After 10 iterations the fit converged.
final sum of squares of residuals : 383004
rel. change during last iteration : -8.95796e-06

degrees of freedom    (FIT_NDF)                        : 187
rms of residuals      (FIT_STDFIT) = sqrt(WSSR/ndf)    : 45.2565
variance of residuals (reduced chisquare) = WSSR/ndf   : 2048.15

Final set of parameters            Asymptotic Standard Error
=======================            ==========================
x0              = 30.6439          +/- 0.01351      (0.04409%)
I               = 800.345          +/- 25.84        (3.228%)
s               = 0.674077         +/- 0.0182       (2.701%)
bg              = 166.467          +/- 6.092        (3.66%)

correlation matrix of the fit parameters:
                x0     I      s      bg     
x0              1.000 
I              -0.001  1.000 
s              -0.018  0.795  1.000 
bg              0.001 -0.843 -0.670  1.000 


*******************************************************************************
Wed Jun 29 09:45:49 2022


FIT:    data read from datafile
        format = z
        x range restricted to [28.0000 : 33.0000]
        #datapoints = 191
        residuals are weighted equally (unit weight)

function used for fitting: g(x)
	g(x) = I/(s*sqrt(2*pi))*exp(-0.5*(x-x0)**2/s**2) + bg
fitted parameters initialized with current variable values

iter      chisq       delta/lim  lambda   x0            I             s             bg           
   0 1.0631485857e+07   0.00e+00  4.67e+03    3.050000e+01   3.000000e+02   3.000000e-01   2.500000e+02
  10 5.0908694702e+05  -2.94e-01  4.67e-07    3.099818e+01   1.226318e+03   6.934971e-01   1.700837e+02

After 10 iterations the fit converged.
final sum of squares of residuals : 509087
rel. change during last iteration : -2.9402e-06

degrees of freedom    (FIT_NDF)                        : 187
rms of residuals      (FIT_STDFIT) = sqrt(WSSR/ndf)    : 52.1765
variance of residuals (reduced chisquare) = WSSR/ndf   : 2722.39

Final set of parameters            Asymptotic Standard Error
=======================            ==========================
x0              = 30.9982          +/- 0.01061      (0.03423%)
I               = 1226.32          +/- 30.52        (2.489%)
s               = 0.693497         +/- 0.01429      (2.06%)
bg              = 170.084          +/- 7.091        (4.169%)

correlation matrix of the fit parameters:
                x0     I      s      bg     
x0              1.000 
I              -0.008  1.000 
s              -0.023  0.795  1.000 
bg              0.010 -0.846 -0.668  1.000 


*******************************************************************************
Wed Jun 29 09:46:22 2022


FIT:    data read from datafile
        format = z
        x range restricted to [28.0000 : 33.0000]
        #datapoints = 191
        residuals are weighted equally (unit weight)

function used for fitting: g(x)
	g(x) = I/(s*sqrt(2*pi))*exp(-0.5*(x-x0)**2/s**2) + bg
fitted parameters initialized with current variable values

iter      chisq       delta/lim  lambda   x0            I             s             bg           
   0 6.7660308142e+06   0.00e+00  4.67e+03    3.050000e+01   3.000000e+02   3.000000e-01   2.500000e+02
  12 2.6818254620e+05  -9.38e-02  4.67e-07    3.148609e+01   6.287861e+02   5.994322e-01   1.679805e+02

After 12 iterations the fit converged.
final sum of squares of residuals : 268183
rel. change during last iteration : -9.37989e-07

degrees of freedom    (FIT_NDF)                        : 187
rms of residuals      (FIT_STDFIT) = sqrt(WSSR/ndf)    : 37.8699
variance of residuals (reduced chisquare) = WSSR/ndf   : 1434.13

Final set of parameters            Asymptotic Standard Error
=======================            ==========================
x0              = 31.4861          +/- 0.01209      (0.03839%)
I               = 628.786          +/- 17.37        (2.762%)
s               = 0.599432         +/- 0.01466      (2.446%)
bg              = 167.981          +/- 4.329        (2.577%)

correlation matrix of the fit parameters:
                x0     I      s      bg     
x0              1.000 
I              -0.012  1.000 
s              -0.027  0.737  1.000 
bg              0.019 -0.774 -0.557  1.000 


*******************************************************************************
Wed Jun 29 09:46:59 2022


FIT:    data read from datafile
        format = z
        x range restricted to [28.0000 : 33.0000]
        #datapoints = 191
        residuals are weighted equally (unit weight)

function used for fitting: g(x)
	g(x) = I/(s*sqrt(2*pi))*exp(-0.5*(x-x0)**2/s**2) + bg
fitted parameters initialized with current variable values

iter      chisq       delta/lim  lambda   x0            I             s             bg           
   0 3.3332109510e+06   0.00e+00  4.67e+03    3.050000e+01   3.000000e+02   3.000000e-01   2.500000e+02
  12 3.0686323887e+05  -3.40e-02  4.67e-09    3.094233e+01   7.723606e+02   6.851126e-01   1.698824e+02

After 12 iterations the fit converged.
final sum of squares of residuals : 306863
rel. change during last iteration : -3.39999e-07

degrees of freedom    (FIT_NDF)                        : 187
rms of residuals      (FIT_STDFIT) = sqrt(WSSR/ndf)    : 40.509
variance of residuals (reduced chisquare) = WSSR/ndf   : 1640.98

Final set of parameters            Asymptotic Standard Error
=======================            ==========================
x0              = 30.9423          +/- 0.01284      (0.0415%)
I               = 772.361          +/- 23.39        (3.028%)
s               = 0.685113         +/- 0.01725      (2.518%)
bg              = 169.882          +/- 5.468        (3.219%)

correlation matrix of the fit parameters:
                x0     I      s      bg     
x0              1.000 
I              -0.006  1.000 
s              -0.021  0.794  1.000 
bg              0.007 -0.844 -0.667  1.000 


*******************************************************************************
Wed Jun 29 09:47:27 2022


FIT:    data read from datafile
        format = z
        x range restricted to [28.0000 : 33.0000]
        #datapoints = 191
        residuals are weighted equally (unit weight)

function used for fitting: g(x)
	g(x) = I/(s*sqrt(2*pi))*exp(-0.5*(x-x0)**2/s**2) + bg
fitted parameters initialized with current variable values

iter      chisq       delta/lim  lambda   x0            I             s             bg           
   0 4.5986512225e+06   0.00e+00  4.67e+03    3.050000e+01   3.000000e+02   3.000000e-01   2.500000e+02
  12 2.9054991742e+05  -1.54e-01  4.67e+01    3.123161e+01   6.360343e+02   6.254142e-01   1.750876e+02

After 12 iterations the fit converged.
final sum of squares of residuals : 290550
rel. change during last iteration : -1.53957e-06

degrees of freedom    (FIT_NDF)                        : 187
rms of residuals      (FIT_STDFIT) = sqrt(WSSR/ndf)    : 39.4175
variance of residuals (reduced chisquare) = WSSR/ndf   : 1553.74

Final set of parameters            Asymptotic Standard Error
=======================            ==========================
x0              = 31.2316          +/- 0.01324      (0.04239%)
I               = 636.034          +/- 19.54        (3.071%)
s               = 0.625414         +/- 0.01664      (2.661%)
bg              = 175.088          +/- 4.778        (2.729%)

correlation matrix of the fit parameters:
                x0     I      s      bg     
x0              1.000 
I              -0.007  1.000 
s              -0.025  0.759  1.000 
bg              0.010 -0.802 -0.603  1.000 


*******************************************************************************
Wed Jun 29 09:48:50 2022


FIT:    data read from datafile
        format = z
        x range restricted to [28.0000 : 33.0000]
        #datapoints = 191
        residuals are weighted equally (unit weight)

function used for fitting: g(x)
	g(x) = I/(s*sqrt(2*pi))*exp(-0.5*(x-x0)**2/s**2) + bg
fitted parameters initialized with current variable values

iter      chisq       delta/lim  lambda   x0            I             s             bg           
   0 4.5986512225e+06   0.00e+00  4.67e+03    3.050000e+01   3.000000e+02   3.000000e-01   2.500000e+02
  12 2.9054991742e+05  -1.54e-01  4.67e+01    3.123161e+01   6.360343e+02   6.254142e-01   1.750876e+02

After 12 iterations the fit converged.
final sum of squares of residuals : 290550
rel. change during last iteration : -1.53957e-06

degrees of freedom    (FIT_NDF)                        : 187
rms of residuals      (FIT_STDFIT) = sqrt(WSSR/ndf)    : 39.4175
variance of residuals (reduced chisquare) = WSSR/ndf   : 1553.74

Final set of parameters            Asymptotic Standard Error
=======================            ==========================
x0              = 31.2316          +/- 0.01324      (0.04239%)
I               = 636.034          +/- 19.54        (3.071%)
s               = 0.625414         +/- 0.01664      (2.661%)
bg              = 175.088          +/- 4.778        (2.729%)

correlation matrix of the fit parameters:
                x0     I      s      bg     
x0              1.000 
I              -0.007  1.000 
s              -0.025  0.759  1.000 
bg              0.010 -0.802 -0.603  1.000 


*******************************************************************************
Wed Jun 29 09:49:00 2022


FIT:    data read from datafile
        format = z
        x range restricted to [28.0000 : 33.0000]
        #datapoints = 191
        residuals are weighted equally (unit weight)

function used for fitting: g(x)
	g(x) = I/(s*sqrt(2*pi))*exp(-0.5*(x-x0)**2/s**2) + bg
fitted parameters initialized with current variable values

iter      chisq       delta/lim  lambda   x0            I             s             bg           
   0 4.5040086090e+06   0.00e+00  4.67e+03    3.050000e+01   3.000000e+02   3.000000e-01   2.500000e+02
  12 2.5941329350e+05  -5.51e-02  4.67e+01    3.127578e+01   6.477223e+02   6.641356e-01   1.699660e+02

After 12 iterations the fit converged.
final sum of squares of residuals : 259413
rel. change during last iteration : -5.50571e-07

degrees of freedom    (FIT_NDF)                        : 187
rms of residuals      (FIT_STDFIT) = sqrt(WSSR/ndf)    : 37.2456
variance of residuals (reduced chisquare) = WSSR/ndf   : 1387.24

Final set of parameters            Asymptotic Standard Error
=======================            ==========================
x0              = 31.2758          +/- 0.01345      (0.04301%)
I               = 647.722          +/- 19.78        (3.053%)
s               = 0.664136         +/- 0.01721      (2.591%)
bg              = 169.966          +/- 4.687        (2.758%)

correlation matrix of the fit parameters:
                x0     I      s      bg     
x0              1.000 
I              -0.013  1.000 
s              -0.026  0.768  1.000 
bg              0.019 -0.818 -0.618  1.000 


*******************************************************************************
Wed Jun 29 09:49:33 2022


FIT:    data read from datafile
        format = z
        x range restricted to [28.0000 : 33.0000]
        #datapoints = 191
        residuals are weighted equally (unit weight)

function used for fitting: g(x)
	g(x) = I/(s*sqrt(2*pi))*exp(-0.5*(x-x0)**2/s**2) + bg
fitted parameters initialized with current variable values

iter      chisq       delta/lim  lambda   x0            I             s             bg           
   0 1.3013849852e+07   0.00e+00  4.67e+03    3.050000e+01   3.000000e+02   3.000000e-01   2.500000e+02
  10 5.2478870070e+05  -4.54e-01  4.67e-05    3.140244e+01   1.119940e+03   6.758707e-01   1.685769e+02

After 10 iterations the fit converged.
final sum of squares of residuals : 524789
rel. change during last iteration : -4.53801e-06

degrees of freedom    (FIT_NDF)                        : 187
rms of residuals      (FIT_STDFIT) = sqrt(WSSR/ndf)    : 52.9751
variance of residuals (reduced chisquare) = WSSR/ndf   : 2806.36

Final set of parameters            Asymptotic Standard Error
=======================            ==========================
x0              = 31.4024          +/- 0.01138      (0.03625%)
I               = 1119.94          +/- 28.13        (2.512%)
s               = 0.675871         +/- 0.01443      (2.135%)
bg              = 168.577          +/- 6.586        (3.907%)

correlation matrix of the fit parameters:
                x0     I      s      bg     
x0              1.000 
I              -0.019  1.000 
s              -0.026  0.761  1.000 
bg              0.029 -0.813 -0.601  1.000 


*******************************************************************************
Wed Jun 29 15:28:58 2022


FIT:    data read from 'cell.dat'
        format = z
        #datapoints = 7
        residuals are weighted equally (unit weight)

function used for fitting: f(x)
	f(x) = c*sqrt(x)
fitted parameters initialized with current variable values

iter      chisq       delta/lim  lambda   c            
   0 2.6903158414e+02   0.00e+00  9.61e+00    1.000000e+00
   3 8.8269148906e+01  -6.51e-03  9.61e-03    4.710217e-01

After 3 iterations the fit converged.
final sum of squares of residuals : 88.2691
rel. change during last iteration : -6.51153e-08

degrees of freedom    (FIT_NDF)                        : 6
rms of residuals      (FIT_STDFIT) = sqrt(WSSR/ndf)    : 3.83556
variance of residuals (reduced chisquare) = WSSR/ndf   : 14.7115

Final set of parameters            Asymptotic Standard Error
=======================            ==========================
c               = 0.471022         +/- 0.1509       (32.04%)


*******************************************************************************
Wed Jun 29 15:29:48 2022


FIT:    data read from 'cell.dat'
        format = z
        #datapoints = 5
        residuals are weighted equally (unit weight)

function used for fitting: f(x)
	f(x) = c*sqrt(x)
fitted parameters initialized with current variable values

iter      chisq       delta/lim  lambda   c            
   0 2.5597660746e+02   0.00e+00  1.12e+01    1.000000e+00
   3 5.1389772725e+01  -4.41e-02  1.12e-02    4.278646e-01

After 3 iterations the fit converged.
final sum of squares of residuals : 51.3898
rel. change during last iteration : -4.40578e-07

degrees of freedom    (FIT_NDF)                        : 4
rms of residuals      (FIT_STDFIT) = sqrt(WSSR/ndf)    : 3.58433
variance of residuals (reduced chisquare) = WSSR/ndf   : 12.8474

Final set of parameters            Asymptotic Standard Error
=======================            ==========================
c               = 0.427865         +/- 0.1434       (33.51%)


*******************************************************************************
Wed Jun 29 15:30:13 2022


FIT:    data read from 'cell.dat'
        format = z
        #datapoints = 5
        residuals are weighted equally (unit weight)

function used for fitting: f(x)
	f(x) = c*sqrt(x)
fitted parameters initialized with current variable values

iter      chisq       delta/lim  lambda   c            
   0 1.1857426315e+02   0.00e+00  1.12e+00    1.000000e-01
   3 5.1389772725e+01  -1.45e-02  1.12e-03    4.278646e-01

After 3 iterations the fit converged.
final sum of squares of residuals : 51.3898
rel. change during last iteration : -1.44682e-07

degrees of freedom    (FIT_NDF)                        : 4
rms of residuals      (FIT_STDFIT) = sqrt(WSSR/ndf)    : 3.58433
variance of residuals (reduced chisquare) = WSSR/ndf   : 12.8474

Final set of parameters            Asymptotic Standard Error
=======================            ==========================
c               = 0.427865         +/- 0.1434       (33.51%)


*******************************************************************************
Wed Jun 29 15:31:53 2022


FIT:    data read from 'cell.dat'
        format = z
        #datapoints = 5
        residuals are weighted equally (unit weight)

function used for fitting: f(x)
	f(x) = 2*tanh(c*x)
fitted parameters initialized with current variable values

iter      chisq       delta/lim  lambda   c            
   0 9.0198712235e+01   0.00e+00  5.93e-02    1.000000e-01
BREAK: Singular matrix in Invert_RtR

*******************************************************************************
Wed Jun 29 15:34:52 2022


FIT:    data read from 'cell.dat'
        format = z
        #datapoints = 5
        residuals are weighted equally (unit weight)

function used for fitting: f(x)
	f(x) = d*tanh(c*x)**e
fitted parameters initialized with current variable values

iter      chisq       delta/lim  lambda   c             d             e            
   0 1.1879228345e+02   0.00e+00  6.78e-01    5.000000e-03   1.600000e+00   5.000000e-01

Current data point
=========================
#               = 1 out of 5
x               = 0.011315       
z               = 5.839          

Current set of parameters
=========================
c               = 0.011315       
d               = 5.53371        
e               = -0.793193      

BREAK: Undefined value during function evaluation

*******************************************************************************
Wed Jun 29 15:35:39 2022


FIT:    data read from 'cell.dat'
        format = z
        #datapoints = 5
        residuals are weighted equally (unit weight)

function used for fitting: f(x)
	f(x) = d*tanh(1e-2*c*x)**e
fitted parameters initialized with current variable values

iter      chisq       delta/lim  lambda   c             d             e            
   0 1.1879228345e+02   0.00e+00  6.78e-01    5.000000e-01   1.600000e+00   5.000000e-01

Current data point
=========================
#               = 1 out of 5
x               = 1.1315         
z               = 5.839          

Current set of parameters
=========================
c               = 1.1315         
d               = 5.53371        
e               = -0.793193      

BREAK: Undefined value during function evaluation

*******************************************************************************
Wed Jun 29 15:37:15 2022


FIT:    data read from 'cell.dat'
        format = z
        #datapoints = 5
        residuals are weighted equally (unit weight)

function used for fitting: f(x)
	f(x) = 1e-3*d*tanh(1e-5*c*x)**(e*1e-3)
fitted parameters initialized with current variable values

iter      chisq       delta/lim  lambda   c             d             e            
   0 1.1879228345e+02   0.00e+00  6.78e-01    5.000000e+02   1.600000e+03   5.000000e+02

Current data point
=========================
#               = 1 out of 5
x               = 1131.5         
z               = 5.839          

Current set of parameters
=========================
c               = 1131.5         
d               = 5533.71        
e               = -793.193       

BREAK: Undefined value during function evaluation

*******************************************************************************
Wed Jun 29 15:38:16 2022


FIT:    data read from 'cell.dat'
        format = z
        #datapoints = 5
        residuals are weighted equally (unit weight)

function used for fitting: f(x)
	f(x) = d*tanh(1e-2*c*x)**(e*1e-3)
fitted parameters initialized with current variable values

iter      chisq       delta/lim  lambda   c             d             e            
   0 1.1879228345e+02   0.00e+00  6.78e-01    5.000000e-01   1.600000e+00   5.000000e+02

Current data point
=========================
#               = 1 out of 5
x               = 1.1315         
z               = 5.839          

Current set of parameters
=========================
c               = 1.1315         
d               = 5.53371        
e               = -793.193       

BREAK: Undefined value during function evaluation

*******************************************************************************
Wed Jun 29 15:38:52 2022


FIT:    data read from 'cell.dat'
        format = z
        #datapoints = 5
        residuals are weighted equally (unit weight)

function used for fitting: f(x)
	f(x) = d*tanh(1e-2*c*x)**(e)
fitted parameters initialized with current variable values

iter      chisq       delta/lim  lambda   c             d            
   0 1.1879228345e+02   0.00e+00  7.98e-01    5.000000e-01   1.600000e+00
BREAK: Singular matrix in Invert_RtR

*******************************************************************************
Wed Jun 29 15:40:55 2022


FIT:    data read from 'cell.dat' u 1:(3*(1-($2-a)/(b-a)))
        format = x:z
        #datapoints = 5
        residuals are weighted equally (unit weight)

function used for fitting: f(x)
	f(x) = d*tanh(1e-2*c*x)**(e)
fitted parameters initialized with current variable values

iter      chisq       delta/lim  lambda   c             d            
   0 6.1687349083e-02   0.00e+00  7.98e-01    5.000000e-01   1.600000e+00
   5 9.7408691054e-03  -1.21e-01  7.98e-06    5.615404e-01   1.696831e+00

After 5 iterations the fit converged.
final sum of squares of residuals : 0.00974087
rel. change during last iteration : -1.21158e-06

degrees of freedom    (FIT_NDF)                        : 3
rms of residuals      (FIT_STDFIT) = sqrt(WSSR/ndf)    : 0.0569821
variance of residuals (reduced chisquare) = WSSR/ndf   : 0.00324696

Final set of parameters            Asymptotic Standard Error
=======================            ==========================
c               = 0.56154          +/- 0.1013       (18.04%)
d               = 1.69683          +/- 0.08476      (4.995%)

correlation matrix of the fit parameters:
                c      d      
c               1.000 
d              -0.902  1.000 


*******************************************************************************
Wed Jun 29 15:41:15 2022


FIT:    data read from 'cell.dat' u 1:(3*(1-($2-a)/(b-a)))
        format = x:z
        #datapoints = 5
        residuals are weighted equally (unit weight)

function used for fitting: f(x)
	f(x) = d*tanh(1e-2*c*x)**(e)
fitted parameters initialized with current variable values

iter      chisq       delta/lim  lambda   c             d            
   0 5.6663468223e-01   0.00e+00  7.33e-01    5.000000e-01   1.600000e+00
  11 6.2062427988e-02  -1.65e-01  7.33e-12    1.870591e+00   1.485661e+00

After 11 iterations the fit converged.
final sum of squares of residuals : 0.0620624
rel. change during last iteration : -1.64856e-06

degrees of freedom    (FIT_NDF)                        : 3
rms of residuals      (FIT_STDFIT) = sqrt(WSSR/ndf)    : 0.143831
variance of residuals (reduced chisquare) = WSSR/ndf   : 0.0206875

Final set of parameters            Asymptotic Standard Error
=======================            ==========================
c               = 1.87059          +/- 0.5048       (26.98%)
d               = 1.48566          +/- 0.08854      (5.96%)

correlation matrix of the fit parameters:
                c      d      
c               1.000 
d              -0.400  1.000 


*******************************************************************************
Wed Jun 29 15:41:23 2022


FIT:    data read from 'cell.dat' u 1:(3*(1-($2-a)/(b-a)))
        format = x:z
        #datapoints = 5
        residuals are weighted equally (unit weight)

function used for fitting: f(x)
	f(x) = d*tanh(1e-2*c*x)**(e)
fitted parameters initialized with current variable values

iter      chisq       delta/lim  lambda   c             d            
   0 6.1687349083e-02   0.00e+00  7.98e-01    5.000000e-01   1.600000e+00
   5 9.7408691054e-03  -1.21e-01  7.98e-06    5.615404e-01   1.696831e+00

After 5 iterations the fit converged.
final sum of squares of residuals : 0.00974087
rel. change during last iteration : -1.21158e-06

degrees of freedom    (FIT_NDF)                        : 3
rms of residuals      (FIT_STDFIT) = sqrt(WSSR/ndf)    : 0.0569821
variance of residuals (reduced chisquare) = WSSR/ndf   : 0.00324696

Final set of parameters            Asymptotic Standard Error
=======================            ==========================
c               = 0.56154          +/- 0.1013       (18.04%)
d               = 1.69683          +/- 0.08476      (4.995%)

correlation matrix of the fit parameters:
                c      d      
c               1.000 
d              -0.902  1.000 


*******************************************************************************
Wed Jun 29 15:41:33 2022


FIT:    data read from 'cell.dat' u 1:(3*(1-($2-a)/(b-a)))
        format = x:z
        #datapoints = 5
        residuals are weighted equally (unit weight)

function used for fitting: f(x)
	f(x) = d*tanh(1e-2*c*x)**(e)
fitted parameters initialized with current variable values

iter      chisq       delta/lim  lambda   c             d             e            
   0 6.1687349083e-02   0.00e+00  6.78e-01    5.000000e-01   1.600000e+00   5.000000e-01
   5 3.9050604980e-03  -8.00e-01  6.78e-06    3.513383e-01   1.833944e+00   3.976241e-01

After 5 iterations the fit converged.
final sum of squares of residuals : 0.00390506
rel. change during last iteration : -7.99791e-06

degrees of freedom    (FIT_NDF)                        : 2
rms of residuals      (FIT_STDFIT) = sqrt(WSSR/ndf)    : 0.0441874
variance of residuals (reduced chisquare) = WSSR/ndf   : 0.00195253

Final set of parameters            Asymptotic Standard Error
=======================            ==========================
c               = 0.351338         +/- 0.148        (42.12%)
d               = 1.83394          +/- 0.1763       (9.616%)
e               = 0.397624         +/- 0.05152      (12.96%)

correlation matrix of the fit parameters:
                c      d      e      
c               1.000 
d              -0.963  1.000 
e               0.809 -0.658  1.000 


*******************************************************************************
Wed Jun 29 15:41:48 2022


FIT:    data read from 'cell.dat' u 1:(3*(1-($2-a)/(b-a)))
        format = x:z
        #datapoints = 5
        residuals are weighted equally (unit weight)

function used for fitting: f(x)
	f(x) = d*tanh(1e-2*c*x)**(e)
fitted parameters initialized with current variable values

iter      chisq       delta/lim  lambda   c             d            
   0 6.1687349083e-02   0.00e+00  7.98e-01    5.000000e-01   1.600000e+00
   5 9.7408691054e-03  -1.21e-01  7.98e-06    5.615404e-01   1.696831e+00

After 5 iterations the fit converged.
final sum of squares of residuals : 0.00974087
rel. change during last iteration : -1.21158e-06

degrees of freedom    (FIT_NDF)                        : 3
rms of residuals      (FIT_STDFIT) = sqrt(WSSR/ndf)    : 0.0569821
variance of residuals (reduced chisquare) = WSSR/ndf   : 0.00324696

Final set of parameters            Asymptotic Standard Error
=======================            ==========================
c               = 0.56154          +/- 0.1013       (18.04%)
d               = 1.69683          +/- 0.08476      (4.995%)

correlation matrix of the fit parameters:
                c      d      
c               1.000 
d              -0.902  1.000 


*******************************************************************************
Wed Jun 29 15:56:55 2022


FIT:    data read from 'cell.dat' u 1:(3*(1-($2-a)/(b-a)))
        format = x:z
        #datapoints = 6
        residuals are weighted equally (unit weight)

function used for fitting: f(x)
	f(x) = d*tanh(1e-2*c*x)**(e)
fitted parameters initialized with current variable values

iter      chisq       delta/lim  lambda   c             d            
   0 1.7213067013e-01   0.00e+00  8.00e-01    5.615400e-01   1.696830e+00
  10 1.4812768948e-01  -5.52e-01  8.00e-11    9.930963e-01   1.549593e+00

After 10 iterations the fit converged.
final sum of squares of residuals : 0.148128
rel. change during last iteration : -5.51743e-06

degrees of freedom    (FIT_NDF)                        : 4
rms of residuals      (FIT_STDFIT) = sqrt(WSSR/ndf)    : 0.192437
variance of residuals (reduced chisquare) = WSSR/ndf   : 0.0370319

Final set of parameters            Asymptotic Standard Error
=======================            ==========================
c               = 0.993096         +/- 0.5008       (50.43%)
d               = 1.54959          +/- 0.1578       (10.18%)

correlation matrix of the fit parameters:
                c      d      
c               1.000 
d              -0.721  1.000 
